Determining if the pthread_create exist failed with the following output:
Change Dir: /home/max/Documents/Uni/2.Semester/ProgSpr/programmiersprachen-aufgabe-2/build/CMakeFiles/CMakeTmp

Run Build Command:"/usr/bin/make" "cmTC_cbf6a/fast"
/usr/bin/make -f CMakeFiles/cmTC_cbf6a.dir/build.make CMakeFiles/cmTC_cbf6a.dir/build
make[1]: Entering directory '/home/max/Documents/Uni/2.Semester/ProgSpr/programmiersprachen-aufgabe-2/build/CMakeFiles/CMakeTmp'
Building C object CMakeFiles/cmTC_cbf6a.dir/CheckSymbolExists.c.o
/usr/bin/cc     -o CMakeFiles/cmTC_cbf6a.dir/CheckSymbolExists.c.o   -c /home/max/Documents/Uni/2.Semester/ProgSpr/programmiersprachen-aufgabe-2/build/CMakeFiles/CMakeTmp/CheckSymbolExists.c
Linking C executable cmTC_cbf6a
/usr/bin/cmake -E cmake_link_script CMakeFiles/cmTC_cbf6a.dir/link.txt --verbose=1
/usr/bin/cc       CMakeFiles/cmTC_cbf6a.dir/CheckSymbolExists.c.o  -o cmTC_cbf6a -rdynamic 
CMakeFiles/cmTC_cbf6a.dir/CheckSymbolExists.c.o: In function `main':
CheckSymbolExists.c:(.text+0x16): undefined reference to `pthread_create'
collect2: error: ld returned 1 exit status
CMakeFiles/cmTC_cbf6a.dir/build.make:97: recipe for target 'cmTC_cbf6a' failed
make[1]: *** [cmTC_cbf6a] Error 1
make[1]: Leaving directory '/home/max/Documents/Uni/2.Semester/ProgSpr/programmiersprachen-aufgabe-2/build/CMakeFiles/CMakeTmp'
Makefile:126: recipe for target 'cmTC_cbf6a/fast' failed
make: *** [cmTC_cbf6a/fast] Error 2

File /home/max/Documents/Uni/2.Semester/ProgSpr/programmiersprachen-aufgabe-2/build/CMakeFiles/CMakeTmp/CheckSymbolExists.c:
/* */
#include <pthread.h>

int main(int argc, char** argv)
{
  (void)argv;
#ifndef pthread_create
  return ((int*)(&pthread_create))[argc];
#else
  (void)argc;
  return 0;
#endif
}

Determining if the function pthread_create exists in the pthreads failed with the following output:
Change Dir: /home/max/Documents/Uni/2.Semester/ProgSpr/programmiersprachen-aufgabe-2/build/CMakeFiles/CMakeTmp

Run Build Command:"/usr/bin/make" "cmTC_033fb/fast"
/usr/bin/make -f CMakeFiles/cmTC_033fb.dir/build.make CMakeFiles/cmTC_033fb.dir/build
make[1]: Entering directory '/home/max/Documents/Uni/2.Semester/ProgSpr/programmiersprachen-aufgabe-2/build/CMakeFiles/CMakeTmp'
Building C object CMakeFiles/cmTC_033fb.dir/CheckFunctionExists.c.o
/usr/bin/cc    -DCHECK_FUNCTION_EXISTS=pthread_create   -o CMakeFiles/cmTC_033fb.dir/CheckFunctionExists.c.o   -c /usr/share/cmake-3.5/Modules/CheckFunctionExists.c
Linking C executable cmTC_033fb
/usr/bin/cmake -E cmake_link_script CMakeFiles/cmTC_033fb.dir/link.txt --verbose=1
/usr/bin/cc   -DCHECK_FUNCTION_EXISTS=pthread_create    CMakeFiles/cmTC_033fb.dir/CheckFunctionExists.c.o  -o cmTC_033fb -rdynamic -lpthreads 
/usr/bin/ld: cannot find -lpthreads
collect2: error: ld returned 1 exit status
CMakeFiles/cmTC_033fb.dir/build.make:97: recipe for target 'cmTC_033fb' failed
make[1]: *** [cmTC_033fb] Error 1
make[1]: Leaving directory '/home/max/Documents/Uni/2.Semester/ProgSpr/programmiersprachen-aufgabe-2/build/CMakeFiles/CMakeTmp'
Makefile:126: recipe for target 'cmTC_033fb/fast' failed
make: *** [cmTC_033fb/fast] Error 2


